========================================================
  GERAв”ңГ§в”ңГўO DE IMAGENS Г”ГҮГ¶ Dra. Luciana J. R. Pinho
  API: apifree.ai (Flux 2 DEV) | CDN: Cloudinary
========================================================

ВӯЖ’Г„Вҝ Gerando: Logo Girl (autism)...
Г”Г…в”Ӯ Na fila: Logo Girl (autism) (b1948b08e1caac0a8075960661db611d)
Г”ВЈГ  Imagem gerada: Logo Girl (autism)
Г”ГҝГјВҙВ©Г…  Upload OK: Logo Girl (autism) Г”ГҘГҶ https://res.cloudinary.com/dwyrt2g1k/image/upload/v1772543829/dralucianajrpinho/logo-girl-autism.png
ВӯЖ’Г„Вҝ Gerando: Logo Boy (autism)...
Г”Г…в”Ӯ Na fila: Logo Boy (autism) (5cbc8e06a10b1b0a91905b3963559034)
Г”ВЈГ  Imagem gerada: Logo Boy (autism)
Г”ГҝГјВҙВ©Г…  Upload OK: Logo Boy (autism) Г”ГҘГҶ https://res.cloudinary.com/dwyrt2g1k/image/upload/v1772543836/dralucianajrpinho/logo-boy-autism.png
ВӯЖ’Г„Вҝ Gerando: BPC/LOAS Guia...
Г”Г…в”Ӯ Na fila: BPC/LOAS Guia (a7371fe6d0ae7e801cc52faabcb0fe11)
Г”ВЈГ  Imagem gerada: BPC/LOAS Guia
Г”ГҝГјВҙВ©Г…  Upload OK: BPC/LOAS Guia Г”ГҘГҶ https://res.cloudinary.com/dwyrt2g1k/image/upload/v1772543847/dralucianajrpinho/blog-bpc-loas.png
ВӯЖ’Г„Вҝ Gerando: Autismo e Direitos...
Г”Г…в”Ӯ Na fila: Autismo e Direitos (34893f7712f582bc11b106fb44a1c72f)
Г”ВЈГ  Imagem gerada: Autismo e Direitos
Г”ГҝГјВҙВ©Г…  Upload OK: Autismo e Direitos Г”ГҘГҶ https://res.cloudinary.com/dwyrt2g1k/image/upload/v1772543859/dralucianajrpinho/blog-autismo-direitos.png
ВӯЖ’Г„Вҝ Gerando: Planejamento Previdenciв”ңГӯrio...
Г”Г…в”Ӯ Na fila: Planejamento Previdenciв”ңГӯrio (3c581a848c5e02549bdafeac7ec9ea1a)
